Problem:    coverage
Rows:       94
Columns:    495 (495 integer, 495 binary)
Non-zeros:  874
Status:     INTEGER OPTIMAL
Objective:  Cost = 54 (MINimum)

   No.   Row name        Activity     Lower bound   Upper bound
------ ------------    ------------- ------------- -------------
     1 Cost                       54                             
     2 first[1]                    1             1               
     3 first[2]                    1             1               
     4 first[3]                    1             1               
     5 first[4]                    1             1               
     6 first[5]                    1             1               
     7 first[6]                    1             1               
     8 first[7]                    1             1               
     9 first[8]                    1             1               
    10 first[9]                    1             1               
    11 first[10]                   1             1               
    12 first[11]                   1             1               
    13 first[12]                   1             1               
    14 first[13]                   1             1               
    15 first[14]                   2             1               
    16 first[15]                   1             1               
    17 first[16]                   1             1               
    18 first[17]                   1             1               
    19 first[18]                   1             1               
    20 first[19]                   1             1               
    21 first[20]                   1             1               
    22 first[21]                   1             1               
    23 first[22]                   1             1               
    24 first[23]                   1             1               
    25 first[24]                   1             1               
    26 first[25]                   2             1               
    27 first[26]                   1             1               
    28 first[27]                   1             1               
    29 first[28]                   1             1               
    30 first[29]                   1             1               
    31 first[30]                   1             1               
    32 first[31]                   2             1               
    33 first[32]                   1             1               
    34 first[33]                   1             1               
    35 first[34]                   1             1               
    36 first[35]                   1             1               
    37 first[36]                   1             1               
    38 first[37]                   1             1               
    39 first[38]                   1             1               
    40 first[39]                   1             1               
    41 first[40]                   1             1               
    42 first[41]                   1             1               
    43 first[42]                   1             1               
    44 first[43]                   1             1               
    45 first[44]                   1             1               
    46 first[45]                   1             1               
    47 first[46]                   1             1               
    48 first[47]                   1             1               
    49 first[48]                   1             1               
    50 first[49]                   1             1               
    51 first[50]                   1             1               
    52 first[51]                   1             1               
    53 first[52]                   1             1               
    54 first[53]                   1             1               
    55 first[54]                   1             1               
    56 first[55]                   1             1               
    57 first[56]                   1             1               
    58 first[57]                   1             1               
    59 first[58]                   1             1               
    60 first[59]                   1             1               
    61 first[60]                   1             1               
    62 first[61]                   1             1               
    63 first[62]                   1             1               
    64 first[63]                   1             1               
    65 first[64]                   1             1               
    66 first[65]                   1             1               
    67 first[66]                   1             1               
    68 first[67]                   1             1               
    69 first[68]                   1             1               
    70 first[69]                   1             1               
    71 first[70]                   1             1               
    72 first[71]                   1             1               
    73 first[72]                   1             1               
    74 first[73]                   1             1               
    75 first[74]                   2             1               
    76 first[75]                   1             1               
    77 first[76]                   1             1               
    78 first[77]                   1             1               
    79 first[78]                   1             1               
    80 first[79]                   1             1               
    81 first[80]                   1             1               
    82 first[81]                   1             1               
    83 first[82]                   1             1               
    84 first[83]                   1             1               
    85 first[84]                   1             1               
    86 first[85]                   1             1               
    87 first[86]                   1             1               
    88 first[87]                   1             1               
    89 first[88]                   1             1               
    90 first[89]                   1             1               
    91 first[90]                   1             1               
    92 first[91]                   1             1               
    93 first[92]                   1             1               
    94 first[93]                   1             1               

   No. Column name       Activity     Lower bound   Upper bound
------ ------------    ------------- ------------- -------------
     1 x[6]         *              0             0             1 
     2 x[7]         *              0             0             1 
     3 x[8]         *              0             0             1 
     4 x[9]         *              0             0             1 
     5 x[10]        *              0             0             1 
     6 x[11]        *              1             0             1 
     7 x[12]        *              0             0             1 
     8 x[13]        *              0             0             1 
     9 x[14]        *              0             0             1 
    10 x[15]        *              0             0             1 
    11 x[16]        *              0             0             1 
    12 x[17]        *              0             0             1 
    13 x[18]        *              0             0             1 
    14 x[19]        *              0             0             1 
    15 x[20]        *              0             0             1 
    16 x[21]        *              0             0             1 
    17 x[22]        *              1             0             1 
    18 x[23]        *              0             0             1 
    19 x[24]        *              0             0             1 
    20 x[25]        *              0             0             1 
    21 x[26]        *              0             0             1 
    22 x[27]        *              0             0             1 
    23 x[28]        *              0             0             1 
    24 x[29]        *              0             0             1 
    25 x[30]        *              0             0             1 
    26 x[31]        *              0             0             1 
    27 x[32]        *              0             0             1 
    28 x[33]        *              0             0             1 
    29 x[34]        *              0             0             1 
    30 x[35]        *              0             0             1 
    31 x[36]        *              0             0             1 
    32 x[37]        *              0             0             1 
    33 x[38]        *              0             0             1 
    34 x[39]        *              0             0             1 
    35 x[40]        *              0             0             1 
    36 x[41]        *              1             0             1 
    37 x[42]        *              0             0             1 
    38 x[43]        *              0             0             1 
    39 x[44]        *              0             0             1 
    40 x[45]        *              0             0             1 
    41 x[46]        *              0             0             1 
    42 x[47]        *              0             0             1 
    43 x[48]        *              0             0             1 
    44 x[49]        *              0             0             1 
    45 x[50]        *              0             0             1 
    46 x[51]        *              0             0             1 
    47 x[52]        *              0             0             1 
    48 x[53]        *              0             0             1 
    49 x[54]        *              0             0             1 
    50 x[55]        *              0             0             1 
    51 x[56]        *              0             0             1 
    52 x[57]        *              1             0             1 
    53 x[58]        *              0             0             1 
    54 x[59]        *              0             0             1 
    55 x[60]        *              0             0             1 
    56 x[61]        *              0             0             1 
    57 x[62]        *              0             0             1 
    58 x[63]        *              0             0             1 
    59 x[64]        *              0             0             1 
    60 x[65]        *              1             0             1 
    61 x[66]        *              0             0             1 
    62 x[67]        *              0             0             1 
    63 x[68]        *              0             0             1 
    64 x[69]        *              0             0             1 
    65 x[70]        *              0             0             1 
    66 x[71]        *              1             0             1 
    67 x[72]        *              0             0             1 
    68 x[73]        *              0             0             1 
    69 x[74]        *              0             0             1 
    70 x[75]        *              0             0             1 
    71 x[76]        *              0             0             1 
    72 x[77]        *              0             0             1 
    73 x[78]        *              0             0             1 
    74 x[79]        *              0             0             1 
    75 x[80]        *              0             0             1 
    76 x[81]        *              0             0             1 
    77 x[82]        *              1             0             1 
    78 x[83]        *              0             0             1 
    79 x[84]        *              0             0             1 
    80 x[85]        *              0             0             1 
    81 x[86]        *              0             0             1 
    82 x[87]        *              0             0             1 
    83 x[88]        *              0             0             1 
    84 x[89]        *              1             0             1 
    85 x[90]        *              0             0             1 
    86 x[91]        *              0             0             1 
    87 x[92]        *              0             0             1 
    88 x[93]        *              0             0             1 
    89 x[94]        *              0             0             1 
    90 x[95]        *              0             0             1 
    91 x[96]        *              0             0             1 
    92 x[97]        *              0             0             1 
    93 x[98]        *              0             0             1 
    94 x[99]        *              0             0             1 
    95 x[100]       *              0             0             1 
    96 x[101]       *              0             0             1 
    97 x[102]       *              0             0             1 
    98 x[103]       *              0             0             1 
    99 x[104]       *              0             0             1 
   100 x[105]       *              0             0             1 
   101 x[106]       *              0             0             1 
   102 x[107]       *              0             0             1 
   103 x[108]       *              0             0             1 
   104 x[109]       *              0             0             1 
   105 x[110]       *              0             0             1 
   106 x[111]       *              0             0             1 
   107 x[112]       *              0             0             1 
   108 x[113]       *              1             0             1 
   109 x[114]       *              0             0             1 
   110 x[115]       *              0             0             1 
   111 x[116]       *              0             0             1 
   112 x[117]       *              0             0             1 
   113 x[118]       *              0             0             1 
   114 x[119]       *              0             0             1 
   115 x[120]       *              0             0             1 
   116 x[121]       *              0             0             1 
   117 x[122]       *              0             0             1 
   118 x[123]       *              1             0             1 
   119 x[124]       *              0             0             1 
   120 x[125]       *              0             0             1 
   121 x[126]       *              0             0             1 
   122 x[127]       *              0             0             1 
   123 x[128]       *              0             0             1 
   124 x[129]       *              1             0             1 
   125 x[130]       *              0             0             1 
   126 x[131]       *              0             0             1 
   127 x[132]       *              0             0             1 
   128 x[133]       *              0             0             1 
   129 x[134]       *              0             0             1 
   130 x[135]       *              0             0             1 
   131 x[136]       *              0             0             1 
   132 x[137]       *              0             0             1 
   133 x[138]       *              0             0             1 
   134 x[139]       *              0             0             1 
   135 x[140]       *              0             0             1 
   136 x[141]       *              0             0             1 
   137 x[142]       *              0             0             1 
   138 x[143]       *              0             0             1 
   139 x[144]       *              0             0             1 
   140 x[145]       *              0             0             1 
   141 x[146]       *              1             0             1 
   142 x[147]       *              0             0             1 
   143 x[148]       *              1             0             1 
   144 x[149]       *              0             0             1 
   145 x[150]       *              0             0             1 
   146 x[151]       *              0             0             1 
   147 x[152]       *              0             0             1 
   148 x[153]       *              0             0             1 
   149 x[154]       *              0             0             1 
   150 x[155]       *              0             0             1 
   151 x[156]       *              0             0             1 
   152 x[157]       *              0             0             1 
   153 x[158]       *              0             0             1 
   154 x[159]       *              0             0             1 
   155 x[160]       *              0             0             1 
   156 x[161]       *              0             0             1 
   157 x[162]       *              1             0             1 
   158 x[163]       *              0             0             1 
   159 x[164]       *              0             0             1 
   160 x[165]       *              0             0             1 
   161 x[166]       *              1             0             1 
   162 x[167]       *              0             0             1 
   163 x[168]       *              0             0             1 
   164 x[169]       *              0             0             1 
   165 x[170]       *              0             0             1 
   166 x[171]       *              0             0             1 
   167 x[172]       *              1             0             1 
   168 x[173]       *              0             0             1 
   169 x[174]       *              0             0             1 
   170 x[175]       *              1             0             1 
   171 x[176]       *              0             0             1 
   172 x[177]       *              0             0             1 
   173 x[178]       *              0             0             1 
   174 x[179]       *              0             0             1 
   175 x[180]       *              0             0             1 
   176 x[181]       *              0             0             1 
   177 x[182]       *              1             0             1 
   178 x[183]       *              0             0             1 
   179 x[184]       *              1             0             1 
   180 x[185]       *              0             0             1 
   181 x[186]       *              0             0             1 
   182 x[187]       *              0             0             1 
   183 x[188]       *              0             0             1 
   184 x[189]       *              0             0             1 
   185 x[190]       *              0             0             1 
   186 x[191]       *              0             0             1 
   187 x[192]       *              0             0             1 
   188 x[193]       *              0             0             1 
   189 x[194]       *              0             0             1 
   190 x[195]       *              0             0             1 
   191 x[196]       *              0             0             1 
   192 x[197]       *              0             0             1 
   193 x[198]       *              0             0             1 
   194 x[199]       *              0             0             1 
   195 x[200]       *              0             0             1 
   196 x[201]       *              0             0             1 
   197 x[202]       *              0             0             1 
   198 x[203]       *              0             0             1 
   199 x[204]       *              0             0             1 
   200 x[205]       *              0             0             1 
   201 x[206]       *              1             0             1 
   202 x[207]       *              0             0             1 
   203 x[208]       *              0             0             1 
   204 x[209]       *              0             0             1 
   205 x[210]       *              0             0             1 
   206 x[211]       *              0             0             1 
   207 x[212]       *              0             0             1 
   208 x[213]       *              1             0             1 
   209 x[214]       *              0             0             1 
   210 x[215]       *              0             0             1 
   211 x[216]       *              0             0             1 
   212 x[217]       *              0             0             1 
   213 x[218]       *              0             0             1 
   214 x[219]       *              0             0             1 
   215 x[220]       *              0             0             1 
   216 x[221]       *              0             0             1 
   217 x[222]       *              1             0             1 
   218 x[223]       *              0             0             1 
   219 x[224]       *              0             0             1 
   220 x[225]       *              0             0             1 
   221 x[226]       *              0             0             1 
   222 x[227]       *              0             0             1 
   223 x[228]       *              0             0             1 
   224 x[229]       *              0             0             1 
   225 x[230]       *              0             0             1 
   226 x[231]       *              0             0             1 
   227 x[232]       *              0             0             1 
   228 x[233]       *              0             0             1 
   229 x[234]       *              0             0             1 
   230 x[235]       *              0             0             1 
   231 x[236]       *              0             0             1 
   232 x[237]       *              0             0             1 
   233 x[238]       *              0             0             1 
   234 x[239]       *              0             0             1 
   235 x[240]       *              1             0             1 
   236 x[241]       *              0             0             1 
   237 x[242]       *              0             0             1 
   238 x[243]       *              0             0             1 
   239 x[244]       *              0             0             1 
   240 x[245]       *              0             0             1 
   241 x[246]       *              0             0             1 
   242 x[247]       *              0             0             1 
   243 x[248]       *              0             0             1 
   244 x[249]       *              0             0             1 
   245 x[250]       *              1             0             1 
   246 x[251]       *              0             0             1 
   247 x[252]       *              0             0             1 
   248 x[253]       *              0             0             1 
   249 x[254]       *              1             0             1 
   250 x[255]       *              0             0             1 
   251 x[256]       *              0             0             1 
   252 x[257]       *              0             0             1 
   253 x[258]       *              0             0             1 
   254 x[259]       *              0             0             1 
   255 x[260]       *              0             0             1 
   256 x[261]       *              0             0             1 
   257 x[262]       *              0             0             1 
   258 x[263]       *              0             0             1 
   259 x[264]       *              0             0             1 
   260 x[265]       *              0             0             1 
   261 x[266]       *              1             0             1 
   262 x[267]       *              0             0             1 
   263 x[268]       *              0             0             1 
   264 x[269]       *              1             0             1 
   265 x[270]       *              0             0             1 
   266 x[271]       *              1             0             1 
   267 x[272]       *              1             0             1 
   268 x[273]       *              0             0             1 
   269 x[274]       *              0             0             1 
   270 x[275]       *              0             0             1 
   271 x[276]       *              1             0             1 
   272 x[277]       *              0             0             1 
   273 x[278]       *              0             0             1 
   274 x[279]       *              0             0             1 
   275 x[280]       *              0             0             1 
   276 x[281]       *              0             0             1 
   277 x[282]       *              0             0             1 
   278 x[283]       *              0             0             1 
   279 x[284]       *              1             0             1 
   280 x[285]       *              0             0             1 
   281 x[286]       *              0             0             1 
   282 x[287]       *              0             0             1 
   283 x[288]       *              1             0             1 
   284 x[289]       *              0             0             1 
   285 x[290]       *              0             0             1 
   286 x[291]       *              1             0             1 
   287 x[292]       *              0             0             1 
   288 x[293]       *              0             0             1 
   289 x[294]       *              0             0             1 
   290 x[295]       *              0             0             1 
   291 x[296]       *              0             0             1 
   292 x[297]       *              0             0             1 
   293 x[298]       *              0             0             1 
   294 x[299]       *              0             0             1 
   295 x[300]       *              0             0             1 
   296 x[301]       *              0             0             1 
   297 x[302]       *              1             0             1 
   298 x[303]       *              1             0             1 
   299 x[304]       *              0             0             1 
   300 x[305]       *              0             0             1 
   301 x[306]       *              0             0             1 
   302 x[307]       *              0             0             1 
   303 x[308]       *              0             0             1 
   304 x[309]       *              0             0             1 
   305 x[310]       *              0             0             1 
   306 x[311]       *              0             0             1 
   307 x[312]       *              0             0             1 
   308 x[313]       *              0             0             1 
   309 x[314]       *              0             0             1 
   310 x[315]       *              0             0             1 
   311 x[316]       *              1             0             1 
   312 x[317]       *              0             0             1 
   313 x[318]       *              0             0             1 
   314 x[319]       *              0             0             1 
   315 x[320]       *              0             0             1 
   316 x[321]       *              0             0             1 
   317 x[322]       *              0             0             1 
   318 x[323]       *              0             0             1 
   319 x[324]       *              0             0             1 
   320 x[325]       *              1             0             1 
   321 x[326]       *              0             0             1 
   322 x[327]       *              0             0             1 
   323 x[328]       *              0             0             1 
   324 x[329]       *              0             0             1 
   325 x[330]       *              0             0             1 
   326 x[331]       *              0             0             1 
   327 x[332]       *              1             0             1 
   328 x[333]       *              0             0             1 
   329 x[334]       *              0             0             1 
   330 x[335]       *              0             0             1 
   331 x[336]       *              0             0             1 
   332 x[337]       *              0             0             1 
   333 x[338]       *              0             0             1 
   334 x[339]       *              0             0             1 
   335 x[340]       *              0             0             1 
   336 x[341]       *              0             0             1 
   337 x[342]       *              0             0             1 
   338 x[343]       *              0             0             1 
   339 x[344]       *              0             0             1 
   340 x[345]       *              1             0             1 
   341 x[346]       *              0             0             1 
   342 x[347]       *              0             0             1 
   343 x[348]       *              1             0             1 
   344 x[349]       *              0             0             1 
   345 x[350]       *              0             0             1 
   346 x[351]       *              0             0             1 
   347 x[352]       *              0             0             1 
   348 x[353]       *              0             0             1 
   349 x[354]       *              0             0             1 
   350 x[355]       *              0             0             1 
   351 x[356]       *              1             0             1 
   352 x[357]       *              0             0             1 
   353 x[358]       *              0             0             1 
   354 x[359]       *              0             0             1 
   355 x[360]       *              0             0             1 
   356 x[361]       *              0             0             1 
   357 x[362]       *              1             0             1 
   358 x[363]       *              1             0             1 
   359 x[364]       *              0             0             1 
   360 x[365]       *              0             0             1 
   361 x[366]       *              1             0             1 
   362 x[367]       *              0             0             1 
   363 x[368]       *              0             0             1 
   364 x[369]       *              0             0             1 
   365 x[370]       *              0             0             1 
   366 x[371]       *              0             0             1 
   367 x[372]       *              0             0             1 
   368 x[373]       *              0             0             1 
   369 x[374]       *              1             0             1 
   370 x[375]       *              0             0             1 
   371 x[376]       *              0             0             1 
   372 x[377]       *              0             0             1 
   373 x[378]       *              1             0             1 
   374 x[379]       *              0             0             1 
   375 x[380]       *              0             0             1 
   376 x[381]       *              0             0             1 
   377 x[382]       *              0             0             1 
   378 x[383]       *              0             0             1 
   379 x[384]       *              0             0             1 
   380 x[385]       *              0             0             1 
   381 x[386]       *              0             0             1 
   382 x[387]       *              0             0             1 
   383 x[388]       *              0             0             1 
   384 x[389]       *              1             0             1 
   385 x[390]       *              0             0             1 
   386 x[391]       *              0             0             1 
   387 x[392]       *              0             0             1 
   388 x[393]       *              0             0             1 
   389 x[394]       *              0             0             1 
   390 x[395]       *              0             0             1 
   391 x[396]       *              0             0             1 
   392 x[397]       *              0             0             1 
   393 x[398]       *              0             0             1 
   394 x[399]       *              0             0             1 
   395 x[400]       *              0             0             1 
   396 x[401]       *              0             0             1 
   397 x[402]       *              0             0             1 
   398 x[403]       *              0             0             1 
   399 x[404]       *              1             0             1 
   400 x[405]       *              0             0             1 
   401 x[406]       *              0             0             1 
   402 x[407]       *              0             0             1 
   403 x[408]       *              0             0             1 
   404 x[409]       *              0             0             1 
   405 x[410]       *              0             0             1 
   406 x[411]       *              0             0             1 
   407 x[412]       *              0             0             1 
   408 x[413]       *              0             0             1 
   409 x[414]       *              0             0             1 
   410 x[415]       *              0             0             1 
   411 x[416]       *              1             0             1 
   412 x[417]       *              0             0             1 
   413 x[418]       *              0             0             1 
   414 x[419]       *              0             0             1 
   415 x[420]       *              0             0             1 
   416 x[421]       *              0             0             1 
   417 x[422]       *              0             0             1 
   418 x[423]       *              0             0             1 
   419 x[424]       *              0             0             1 
   420 x[425]       *              0             0             1 
   421 x[426]       *              0             0             1 
   422 x[427]       *              0             0             1 
   423 x[428]       *              0             0             1 
   424 x[429]       *              0             0             1 
   425 x[430]       *              0             0             1 
   426 x[431]       *              0             0             1 
   427 x[432]       *              1             0             1 
   428 x[433]       *              0             0             1 
   429 x[434]       *              0             0             1 
   430 x[435]       *              1             0             1 
   431 x[436]       *              0             0             1 
   432 x[437]       *              0             0             1 
   433 x[438]       *              0             0             1 
   434 x[439]       *              0             0             1 
   435 x[440]       *              0             0             1 
   436 x[441]       *              0             0             1 
   437 x[442]       *              1             0             1 
   438 x[443]       *              0             0             1 
   439 x[444]       *              0             0             1 
   440 x[445]       *              0             0             1 
   441 x[446]       *              0             0             1 
   442 x[447]       *              0             0             1 
   443 x[448]       *              0             0             1 
   444 x[449]       *              0             0             1 
   445 x[450]       *              0             0             1 
   446 x[451]       *              0             0             1 
   447 x[452]       *              0             0             1 
   448 x[453]       *              0             0             1 
   449 x[454]       *              0             0             1 
   450 x[455]       *              0             0             1 
   451 x[456]       *              0             0             1 
   452 x[457]       *              0             0             1 
   453 x[458]       *              0             0             1 
   454 x[459]       *              0             0             1 
   455 x[460]       *              0             0             1 
   456 x[461]       *              0             0             1 
   457 x[462]       *              0             0             1 
   458 x[463]       *              0             0             1 
   459 x[464]       *              0             0             1 
   460 x[465]       *              0             0             1 
   461 x[466]       *              0             0             1 
   462 x[467]       *              1             0             1 
   463 x[468]       *              0             0             1 
   464 x[469]       *              0             0             1 
   465 x[470]       *              0             0             1 
   466 x[471]       *              0             0             1 
   467 x[472]       *              0             0             1 
   468 x[473]       *              0             0             1 
   469 x[474]       *              0             0             1 
   470 x[475]       *              0             0             1 
   471 x[476]       *              0             0             1 
   472 x[477]       *              0             0             1 
   473 x[478]       *              0             0             1 
   474 x[479]       *              0             0             1 
   475 x[480]       *              0             0             1 
   476 x[481]       *              0             0             1 
   477 x[482]       *              0             0             1 
   478 x[483]       *              1             0             1 
   479 x[484]       *              0             0             1 
   480 x[485]       *              0             0             1 
   481 x[486]       *              0             0             1 
   482 x[487]       *              0             0             1 
   483 x[488]       *              0             0             1 
   484 x[489]       *              0             0             1 
   485 x[490]       *              0             0             1 
   486 x[491]       *              0             0             1 
   487 x[492]       *              0             0             1 
   488 x[493]       *              0             0             1 
   489 x[494]       *              0             0             1 
   490 x[495]       *              0             0             1 
   491 x[496]       *              0             0             1 
   492 x[497]       *              0             0             1 
   493 x[498]       *              0             0             1 
   494 x[499]       *              0             0             1 
   495 x[500]       *              0             0             1 

Integer feasibility conditions:

KKT.PE: max.abs.err = 0.00e+000 on row 0
        max.rel.err = 0.00e+000 on row 0
        High quality

KKT.PB: max.abs.err = 0.00e+000 on row 0
        max.rel.err = 0.00e+000 on row 0
        High quality

End of output
